<?xml version="1.0" encoding="UTF-8"?>
<!-- Generated by org.testng.reporters.JUnitXMLReporter -->
<testsuite ignored="3" hostname="Prashanths-MBP.attlocal.net" failures="0" tests="1" name="intentionally failing test" time="5.475" errors="0" timestamp="2023-12-11T02:19:11 PST">
  <testcase classname="org.example.SauceLogin" name="failLoginTest" time="4.27"/>
  <testcase classname="org.example.SauceLogin" name="loginTest" time="0.0">
    <ignored/>
  </testcase> <!-- loginTest -->
  <testcase classname="org.example.SauceLogin" name="negativeLoginTest" time="0.0">
    <ignored/>
  </testcase> <!-- negativeLoginTest -->
  <testcase classname="org.example.SauceLogin" name="cartSanityTest" time="0.0">
    <ignored/>
  </testcase> <!-- cartSanityTest -->
</testsuite> <!-- intentionally failing test -->
