<?xml version="1.0" encoding="UTF-8"?>
<!-- Generated by org.testng.reporters.JUnitXMLReporter -->
<testsuite ignored="3" hostname="Prashanths-MBP.attlocal.net" failures="0" tests="1" name="sanity test flow of cart" time="10.236" errors="0" timestamp="2023-12-11T02:19:21 PST">
  <testcase classname="org.example.SauceLogin" name="cartSanityTest" time="8.957"/>
  <testcase classname="org.example.SauceLogin" name="negativeLoginTest" time="0.0">
    <ignored/>
  </testcase> <!-- negativeLoginTest -->
  <testcase classname="org.example.SauceLogin" name="failLoginTest" time="0.0">
    <ignored/>
  </testcase> <!-- failLoginTest -->
  <testcase classname="org.example.SauceLogin" name="loginTest" time="0.0">
    <ignored/>
  </testcase> <!-- loginTest -->
</testsuite> <!-- sanity test flow of cart -->
