<?xml version="1.0" encoding="UTF-8"?>
<!-- Generated by org.testng.reporters.JUnitXMLReporter -->
<testsuite ignored="3" hostname="Prashanths-MBP.attlocal.net" failures="0" tests="1" name="validate both invalid username and password for login" time="4.506" errors="0" timestamp="2023-12-11T02:19:05 PST">
  <testcase classname="org.example.SauceLogin" name="negativeLoginTest" time="3.568"/>
  <testcase classname="org.example.SauceLogin" name="loginTest" time="0.0">
    <ignored/>
  </testcase> <!-- loginTest -->
  <testcase classname="org.example.SauceLogin" name="cartSanityTest" time="0.0">
    <ignored/>
  </testcase> <!-- cartSanityTest -->
  <testcase classname="org.example.SauceLogin" name="failLoginTest" time="0.0">
    <ignored/>
  </testcase> <!-- failLoginTest -->
</testsuite> <!-- validate both invalid username and password for login -->
