<?xml version="1.0" encoding="UTF-8"?>
<!-- Generated by org.testng.reporters.JUnitXMLReporter -->
<testsuite ignored="3" hostname="Prashanths-MBP.attlocal.net" failures="0" tests="1" name="validate invalid username for login" time="4.527" errors="0" timestamp="2023-12-11T02:18:56 PST">
  <testcase classname="org.example.SauceLogin" name="negativeLoginTest" time="3.589"/>
  <testcase classname="org.example.SauceLogin" name="loginTest" time="0.0">
    <ignored/>
  </testcase> <!-- loginTest -->
  <testcase classname="org.example.SauceLogin" name="failLoginTest" time="0.0">
    <ignored/>
  </testcase> <!-- failLoginTest -->
  <testcase classname="org.example.SauceLogin" name="cartSanityTest" time="0.0">
    <ignored/>
  </testcase> <!-- cartSanityTest -->
</testsuite> <!-- validate invalid username for login -->
