<?xml version="1.0" encoding="UTF-8"?>
<!-- Generated by org.testng.reporters.JUnitXMLReporter -->
<testsuite ignored="3" hostname="Prashanths-MBP.attlocal.net" failures="0" tests="1" name="validate login using all usernames and password" time="27.128" errors="0" timestamp="2023-12-11T02:18:52 PST">
  <testcase classname="org.example.SauceLogin" name="loginTest" time="26.13"/>
  <testcase classname="org.example.SauceLogin" name="failLoginTest" time="0.0">
    <ignored/>
  </testcase> <!-- failLoginTest -->
  <testcase classname="org.example.SauceLogin" name="cartSanityTest" time="0.0">
    <ignored/>
  </testcase> <!-- cartSanityTest -->
  <testcase classname="org.example.SauceLogin" name="negativeLoginTest" time="0.0">
    <ignored/>
  </testcase> <!-- negativeLoginTest -->
</testsuite> <!-- validate login using all usernames and password -->
